[  0%] Built target std_msgs_generate_messages_lisp
[  0%] Built target std_msgs_generate_messages_eus
[  0%] Built target rosgraph_msgs_generate_messages_eus
[  0%] Built target rosgraph_msgs_generate_messages_nodejs
[  0%] Built target roscpp_generate_messages_nodejs
[  0%] Built target roscpp_generate_messages_lisp
[  0%] Built target roscpp_generate_messages_cpp
[  0%] Built target roscpp_generate_messages_py
[  0%] Built target rosgraph_msgs_generate_messages_lisp
[  0%] Built target rosgraph_msgs_generate_messages_cpp
[  0%] Built target std_msgs_generate_messages_cpp
[  0%] Built target std_msgs_generate_messages_nodejs
[  0%] Built target std_msgs_generate_messages_py
[  0%] Built target rosgraph_msgs_generate_messages_py
[  0%] Built target roscpp_generate_messages_eus
[35m[1mScanning dependencies of target hero_chassis_controller[0m
[ 50%] [32mBuilding CXX object CMakeFiles/hero_chassis_controller.dir/src/hero_chassis_controller.cpp.o[0m
In file included from [01m[K/home/gura/final/src/hero_chassis_controller/src/hero_chassis_controller.cpp:2[m[K:
[01m[K/home/gura/final/src/hero_chassis_controller/include/hero_chassis_controller/hero_chassis_controller.h:45:3:[m[K [01;31m[Kerror: [m[Kâ€˜[01m[Knode_[m[Kâ€™ does not name a type; did you mean â€˜[01m[Kmode_t[m[Kâ€™?
   45 |   [01;31m[Knode_[m[K.param("WHEEL_DIAMETER",WHEEL_DIAMETER,0.07625);
      |   [01;31m[K^~~~~[m[K
      |   [32m[Kmode_t[m[K
[01m[K/home/gura/final/src/hero_chassis_controller/include/hero_chassis_controller/hero_chassis_controller.h:46:3:[m[K [01;31m[Kerror: [m[Kâ€˜[01m[Knode_[m[Kâ€™ does not name a type; did you mean â€˜[01m[Kmode_t[m[Kâ€™?
   46 |   [01;31m[Knode_[m[K.param("D_X",D_X,0.4);
      |   [01;31m[K^~~~~[m[K
      |   [32m[Kmode_t[m[K
[01m[K/home/gura/final/src/hero_chassis_controller/include/hero_chassis_controller/hero_chassis_controller.h:47:3:[m[K [01;31m[Kerror: [m[Kâ€˜[01m[Knode_[m[Kâ€™ does not name a type; did you mean â€˜[01m[Kmode_t[m[Kâ€™?
   47 |   [01;31m[Knode_[m[K.param("D_Y",D_Y,0.4);
      |   [01;31m[K^~~~~[m[K
      |   [32m[Kmode_t[m[K
[01m[K/home/gura/final/src/hero_chassis_controller/include/hero_chassis_controller/hero_chassis_controller.h:48:3:[m[K [01;31m[Kerror: [m[Kâ€˜[01m[Knode_[m[Kâ€™ does not name a type; did you mean â€˜[01m[Kmode_t[m[Kâ€™?
   48 |   [01;31m[Knode_[m[K.param("odomcontrol",odomcontrol,false);
      |   [01;31m[K^~~~~[m[K
      |   [32m[Kmode_t[m[K
make[2]: *** [CMakeFiles/hero_chassis_controller.dir/build.make:63ï¼šCMakeFiles/hero_chassis_controller.dir/src/hero_chassis_controller.cpp.o] é”™è¯¯ 1
make[1]: *** [CMakeFiles/Makefile2:279ï¼šCMakeFiles/hero_chassis_controller.dir/all] é”™è¯¯ 2
make: *** [Makefile:141ï¼šall] é”™è¯¯ 2
